mode: set
github.com/asteris-llc/converge/render/preprocessor/control/preprocessor.go:26.49,28.2 1 0
github.com/asteris-llc/converge/render/preprocessor/control/preprocessor.go:33.76,35.2 1 0
github.com/asteris-llc/converge/render/preprocessor/control/preprocessor.go:39.59,41.2 1 0
github.com/asteris-llc/converge/render/preprocessor/control/resources.go:19.13,22.2 2 1
github.com/asteris-llc/converge/render/preprocessor/control/switch.go:44.39,45.21 1 1
github.com/asteris-llc/converge/render/preprocessor/control/switch.go:48.2,48.39 1 1
github.com/asteris-llc/converge/render/preprocessor/control/switch.go:45.21,47.3 1 0
github.com/asteris-llc/converge/render/preprocessor/control/switch.go:52.61,53.36 1 1
github.com/asteris-llc/converge/render/preprocessor/control/switch.go:56.2,61.16 3 1
github.com/asteris-llc/converge/render/preprocessor/control/switch.go:64.2,65.15 2 1
github.com/asteris-llc/converge/render/preprocessor/control/switch.go:53.36,55.3 1 0
github.com/asteris-llc/converge/render/preprocessor/control/switch.go:61.16,63.3 1 0
github.com/asteris-llc/converge/render/preprocessor/control/switch.go:70.54,72.36 2 1
github.com/asteris-llc/converge/render/preprocessor/control/switch.go:75.2,82.16 4 1
github.com/asteris-llc/converge/render/preprocessor/control/switch.go:85.2,85.21 1 1
github.com/asteris-llc/converge/render/preprocessor/control/switch.go:88.2,88.22 1 1
github.com/asteris-llc/converge/render/preprocessor/control/switch.go:72.36,74.3 1 1
github.com/asteris-llc/converge/render/preprocessor/control/switch.go:82.16,84.3 1 0
github.com/asteris-llc/converge/render/preprocessor/control/switch.go:85.21,87.3 1 0
github.com/asteris-llc/converge/render/preprocessor/control/switch.go:92.53,95.9 3 1
github.com/asteris-llc/converge/render/preprocessor/control/switch.go:98.2,98.44 1 1
github.com/asteris-llc/converge/render/preprocessor/control/switch.go:109.2,109.19 1 1
github.com/asteris-llc/converge/render/preprocessor/control/switch.go:95.9,97.3 1 0
github.com/asteris-llc/converge/render/preprocessor/control/switch.go:98.44,100.53 2 1
github.com/asteris-llc/converge/render/preprocessor/control/switch.go:103.3,104.17 2 1
github.com/asteris-llc/converge/render/preprocessor/control/switch.go:107.3,107.33 1 1
github.com/asteris-llc/converge/render/preprocessor/control/switch.go:100.53,102.4 1 0
github.com/asteris-llc/converge/render/preprocessor/control/switch.go:104.17,106.4 1 0
github.com/asteris-llc/converge/render/preprocessor/control/switch.go:115.72,116.34 1 1
github.com/asteris-llc/converge/render/preprocessor/control/switch.go:119.2,119.37 1 1
github.com/asteris-llc/converge/render/preprocessor/control/switch.go:122.2,122.64 1 0
github.com/asteris-llc/converge/render/preprocessor/control/switch.go:116.34,118.3 1 1
github.com/asteris-llc/converge/render/preprocessor/control/switch.go:119.37,121.3 1 1
github.com/asteris-llc/converge/render/preprocessor/control/switch.go:127.60,129.9 2 1
github.com/asteris-llc/converge/render/preprocessor/control/switch.go:132.2,134.21 3 1
github.com/asteris-llc/converge/render/preprocessor/control/switch.go:137.2,137.29 1 1
github.com/asteris-llc/converge/render/preprocessor/control/switch.go:129.9,131.3 1 0
github.com/asteris-llc/converge/render/preprocessor/control/switch.go:134.21,136.3 1 0
github.com/asteris-llc/converge/render/preprocessor/control/switch_resources.go:31.76,35.2 2 0
github.com/asteris-llc/converge/render/preprocessor/control/switch_resources.go:46.46,48.34 2 0
github.com/asteris-llc/converge/render/preprocessor/control/switch_resources.go:48.34,49.21 1 0
github.com/asteris-llc/converge/render/preprocessor/control/switch_resources.go:49.21,51.4 1 0
github.com/asteris-llc/converge/render/preprocessor/control/switch_resources.go:56.42,57.14 1 0
github.com/asteris-llc/converge/render/preprocessor/control/switch_resources.go:60.2,60.16 1 0
github.com/asteris-llc/converge/render/preprocessor/control/switch_resources.go:57.14,59.3 1 0
github.com/asteris-llc/converge/render/preprocessor/control/switch_resources.go:67.34,70.28 3 0
github.com/asteris-llc/converge/render/preprocessor/control/switch_resources.go:73.2,73.32 1 0
github.com/asteris-llc/converge/render/preprocessor/control/switch_resources.go:76.2,76.18 1 0
github.com/asteris-llc/converge/render/preprocessor/control/switch_resources.go:70.28,72.3 1 0
github.com/asteris-llc/converge/render/preprocessor/control/switch_resources.go:73.32,75.3 1 0
github.com/asteris-llc/converge/render/preprocessor/control/switch_resources.go:80.76,82.2 1 0
github.com/asteris-llc/converge/render/preprocessor/control/switch_resources.go:85.59,87.2 1 0
github.com/asteris-llc/converge/render/preprocessor/control/switch_resources.go:89.38,91.14 2 0
github.com/asteris-llc/converge/render/preprocessor/control/switch_resources.go:94.2,96.32 3 0
github.com/asteris-llc/converge/render/preprocessor/control/switch_resources.go:99.2,100.30 2 0
github.com/asteris-llc/converge/render/preprocessor/control/switch_resources.go:103.2,103.12 1 0
github.com/asteris-llc/converge/render/preprocessor/control/switch_resources.go:91.14,93.3 1 0
github.com/asteris-llc/converge/render/preprocessor/control/switch_resources.go:96.32,98.3 1 0
github.com/asteris-llc/converge/render/preprocessor/control/switch_resources.go:100.30,102.3 1 0
github.com/asteris-llc/converge/render/preprocessor/control/switch_resources.go:106.47,108.35 2 0
github.com/asteris-llc/converge/render/preprocessor/control/switch_resources.go:111.2,111.56 1 0
github.com/asteris-llc/converge/render/preprocessor/control/switch_resources.go:108.35,110.3 1 0
github.com/asteris-llc/converge/render/preprocessor/control/case.go:35.52,41.16 6 1
github.com/asteris-llc/converge/render/preprocessor/control/case.go:44.2,44.21 1 1
github.com/asteris-llc/converge/render/preprocessor/control/case.go:47.2,47.22 1 1
github.com/asteris-llc/converge/render/preprocessor/control/case.go:41.16,43.3 1 0
github.com/asteris-llc/converge/render/preprocessor/control/case.go:44.21,46.3 1 0
github.com/asteris-llc/converge/render/preprocessor/control/case.go:51.59,52.37 1 1
github.com/asteris-llc/converge/render/preprocessor/control/case.go:56.2,57.16 2 1
github.com/asteris-llc/converge/render/preprocessor/control/case.go:60.2,61.16 2 1
github.com/asteris-llc/converge/render/preprocessor/control/case.go:65.2,69.8 1 1
github.com/asteris-llc/converge/render/preprocessor/control/case.go:52.37,54.3 1 0
github.com/asteris-llc/converge/render/preprocessor/control/case.go:57.16,59.3 1 0
github.com/asteris-llc/converge/render/preprocessor/control/case.go:61.16,63.3 1 0
github.com/asteris-llc/converge/render/preprocessor/control/case.go:72.62,74.16 2 1
github.com/asteris-llc/converge/render/preprocessor/control/case.go:77.2,78.16 2 1
github.com/asteris-llc/converge/render/preprocessor/control/case.go:81.2,85.8 1 1
github.com/asteris-llc/converge/render/preprocessor/control/case.go:74.16,76.3 1 0
github.com/asteris-llc/converge/render/preprocessor/control/case.go:78.16,80.3 1 0
github.com/asteris-llc/converge/render/preprocessor/control/case_resources.go:33.76,35.16 2 0
github.com/asteris-llc/converge/render/preprocessor/control/case_resources.go:39.2,43.8 2 0
github.com/asteris-llc/converge/render/preprocessor/control/case_resources.go:35.16,37.3 1 0
github.com/asteris-llc/converge/render/preprocessor/control/case_resources.go:56.37,57.14 1 0
github.com/asteris-llc/converge/render/preprocessor/control/case_resources.go:60.2,60.38 1 0
github.com/asteris-llc/converge/render/preprocessor/control/case_resources.go:57.14,59.3 1 0
github.com/asteris-llc/converge/render/preprocessor/control/case_resources.go:64.45,66.2 1 0
github.com/asteris-llc/converge/render/preprocessor/control/case_resources.go:69.44,71.2 1 0
github.com/asteris-llc/converge/render/preprocessor/control/case_resources.go:75.42,76.21 1 0
github.com/asteris-llc/converge/render/preprocessor/control/case_resources.go:79.2,79.39 1 0
github.com/asteris-llc/converge/render/preprocessor/control/case_resources.go:85.2,85.14 1 0
github.com/asteris-llc/converge/render/preprocessor/control/case_resources.go:76.21,78.3 1 0
github.com/asteris-llc/converge/render/preprocessor/control/case_resources.go:79.39,80.19 1 0
github.com/asteris-llc/converge/render/preprocessor/control/case_resources.go:80.19,83.4 2 0
github.com/asteris-llc/converge/render/preprocessor/control/case_resources.go:91.43,92.14 1 0
github.com/asteris-llc/converge/render/preprocessor/control/case_resources.go:95.2,95.21 1 0
github.com/asteris-llc/converge/render/preprocessor/control/case_resources.go:98.2,98.45 1 0
github.com/asteris-llc/converge/render/preprocessor/control/case_resources.go:106.2,106.21 1 0
github.com/asteris-llc/converge/render/preprocessor/control/case_resources.go:114.2,114.23 1 0
github.com/asteris-llc/converge/render/preprocessor/control/case_resources.go:92.14,94.3 1 0
github.com/asteris-llc/converge/render/preprocessor/control/case_resources.go:95.21,97.3 1 0
github.com/asteris-llc/converge/render/preprocessor/control/case_resources.go:98.45,99.21 1 0
github.com/asteris-llc/converge/render/preprocessor/control/case_resources.go:102.3,102.46 1 0
github.com/asteris-llc/converge/render/preprocessor/control/case_resources.go:99.21,100.9 1 0
github.com/asteris-llc/converge/render/preprocessor/control/case_resources.go:102.46,104.4 1 0
github.com/asteris-llc/converge/render/preprocessor/control/case_resources.go:106.21,108.17 2 0
github.com/asteris-llc/converge/render/preprocessor/control/case_resources.go:111.3,112.21 2 0
github.com/asteris-llc/converge/render/preprocessor/control/case_resources.go:108.17,110.4 1 0
github.com/asteris-llc/converge/render/preprocessor/control/case_resources.go:120.56,122.21 2 0
github.com/asteris-llc/converge/render/preprocessor/control/case_resources.go:125.2,131.16 3 0
github.com/asteris-llc/converge/render/preprocessor/control/case_resources.go:136.2,138.20 2 0
github.com/asteris-llc/converge/render/preprocessor/control/case_resources.go:144.2,144.104 1 0
github.com/asteris-llc/converge/render/preprocessor/control/case_resources.go:122.21,124.3 1 0
github.com/asteris-llc/converge/render/preprocessor/control/case_resources.go:131.16,134.3 2 0
github.com/asteris-llc/converge/render/preprocessor/control/case_resources.go:139.2,140.19 1 0
github.com/asteris-llc/converge/render/preprocessor/control/case_resources.go:141.2,142.20 1 0
github.com/asteris-llc/converge/render/preprocessor/control/case_resources.go:148.74,150.2 1 0
github.com/asteris-llc/converge/render/preprocessor/control/case_resources.go:153.57,155.2 1 0
github.com/asteris-llc/converge/render/preprocessor/control/case_resources.go:157.36,159.14 2 0
github.com/asteris-llc/converge/render/preprocessor/control/case_resources.go:162.2,165.21 4 0
github.com/asteris-llc/converge/render/preprocessor/control/case_resources.go:170.2,171.12 2 0
github.com/asteris-llc/converge/render/preprocessor/control/case_resources.go:159.14,161.3 1 0
github.com/asteris-llc/converge/render/preprocessor/control/case_resources.go:165.21,167.3 1 0
github.com/asteris-llc/converge/render/preprocessor/control/case_resources.go:167.3,169.3 1 0
github.com/asteris-llc/converge/render/preprocessor/control/conditional_resources.go:37.77,39.2 1 0
github.com/asteris-llc/converge/render/preprocessor/control/conditional_resources.go:44.59,45.35 1 0
github.com/asteris-llc/converge/render/preprocessor/control/conditional_resources.go:48.2,48.31 1 0
github.com/asteris-llc/converge/render/preprocessor/control/conditional_resources.go:45.35,47.3 1 0
github.com/asteris-llc/converge/render/preprocessor/control/conditional_resources.go:52.64,53.35 1 0
github.com/asteris-llc/converge/render/preprocessor/control/conditional_resources.go:56.2,56.32 1 0
github.com/asteris-llc/converge/render/preprocessor/control/conditional_resources.go:53.35,55.3 1 0
github.com/asteris-llc/converge/render/preprocessor/control/conditional_resources.go:60.83,61.14 1 0
github.com/asteris-llc/converge/render/preprocessor/control/conditional_resources.go:64.2,64.35 1 0
github.com/asteris-llc/converge/render/preprocessor/control/conditional_resources.go:67.2,67.32 1 0
github.com/asteris-llc/converge/render/preprocessor/control/conditional_resources.go:61.14,63.3 1 0
github.com/asteris-llc/converge/render/preprocessor/control/conditional_resources.go:64.35,66.3 1 0
github.com/asteris-llc/converge/render/preprocessor/control/conditional_resources.go:76.73,79.2 2 0
github.com/asteris-llc/converge/render/preprocessor/control/conditional_resources.go:82.56,85.2 2 0
github.com/asteris-llc/converge/render/preprocessor/control/errors.go:24.62,29.2 1 0
github.com/asteris-llc/converge/render/preprocessor/control/errors.go:32.35,34.2 1 0
